<?xml version="1.0" encoding="UTF-8"?>
<testsuite xmlns:xsi="http://www.w3.org/2001/XMLSchema-instance" xsi:noNamespaceSchemaLocation="https://maven.apache.org/surefire/maven-surefire-plugin/xsd/surefire-test-report-3.0.xsd" version="3.0" name="com.acuicola2h.monitor.MonitorApplicationTests" time="3.461" tests="1" errors="0" skipped="0" failures="0">
  <properties>
[...]
</properties>
  <testcase name="contextLoads" classname="com.acuicola2h.monitor.MonitorApplicationTests" time="1.031">
    <system-out><![CDATA[21:24:41.523 [main] INFO org.springframework.test.context.support.AnnotationConfigContextLoaderUtils -- Could not detect default configuration classes for test class [com.acuicola2h.monitor.MonitorApplicationTests]: MonitorApplicationTests does not declare any static, non-private, non-final, nested classes annotated with @Configuration.
21:24:41.633 [main] INFO org.springframework.boot.test.context.SpringBootTestContextBootstrapper -- Found @SpringBootConfiguration com.acuicola2h.monitor.MonitorApplication for test class com.acuicola2h.monitor.MonitorApplicationTests

  .   ____          _            __ _ _
 /\\ / ___'_ __ _ _(_)_ __  __ _ \ \ \ \
( ( )\___ | '_ | '_| | '_ \/ _` | \ \ \ \
 \\/  ___)| |_)| | | | | || (_| |  ) ) ) )
  '  |____| .__|_| |_|_| |_\__, | / / / /
 =========|_|==============|___/=/_/_/_/
 :: Spring Boot ::                (v3.2.4)

2024-04-29T21:24:42.203-04:00  INFO 17328 --- [monitor] [           main] c.a.monitor.MonitorApplicationTests      : Starting MonitorApplicationTests using Java 17.0.11 with PID 17328 (started by Erick in C:\Users\Erick\Documents\Acuicola 2H\repository\Acuicola-2H-Services)
2024-04-29T21:24:42.203-04:00 DEBUG 17328 --- [monitor] [           main] c.a.monitor.MonitorApplicationTests      : Running with Spring Boot v3.2.4, Spring v6.1.5
2024-04-29T21:24:42.203-04:00  INFO 17328 --- [monitor] [           main] c.a.monitor.MonitorApplicationTests      : No active profile set, falling back to 1 default profile: "default"
2024-04-29T21:24:43.421-04:00  INFO 17328 --- [monitor] [           main] o.s.b.a.w.s.WelcomePageHandlerMapping    : Adding welcome page: class path resource [static/index.html]
2024-04-29T21:24:43.730-04:00  INFO 17328 --- [monitor] [           main] c.a.monitor.MonitorApplicationTests      : Started MonitorApplicationTests in 1.894 seconds (process running for 2.973)
]]></system-out>
  </testcase>
</testsuite>